<?xml version="1.0" encoding="UTF-8"?>
<!-- Generated by org.testng.reporters.JUnitReportReporter -->
<testsuite hostname="RET-AR-76" failures="0" tests="1" name="package1.Firstmavenproject.mobile" time="254.708" errors="0" timestamp="2022-11-22T12:33:36 IST" skipped="0">
  <testcase classname="package1.Firstmavenproject.mobile" name="appiumTest" time="254.708"/>
  <system-out/>
</testsuite> <!-- package1.Firstmavenproject.mobile -->
