<?xml version="1.0" encoding="UTF-8"?>
<!-- Generated by org.testng.reporters.JUnitReportReporter -->
<testsuite hostname="RET-AR-76" failures="0" tests="1" name="package1.Firstmavenproject.calculator" time="14.192" errors="0" timestamp="2022-11-21T17:15:00 IST" skipped="0">
  <testcase classname="package1.Firstmavenproject.calculator" name="appiumTest" time="14.192"/>
  <system-out/>
</testsuite> <!-- package1.Firstmavenproject.calculator -->
