<?xml version="1.0" encoding="UTF-8"?>
<!-- Generated by org.testng.reporters.JUnitReportReporter -->
<testsuite hostname="RET-AR-76" failures="0" tests="1" name="package1.Firstmavenproject.AppTest" time="0.012" errors="0" timestamp="2022-11-21T13:05:12 IST" skipped="0">
  <testcase classname="package1.Firstmavenproject.AppTest" name="shouldAnswerWithTrue" time="0.012"/>
  <system-out/>
</testsuite> <!-- package1.Firstmavenproject.AppTest -->
